<?xml version="1.0" encoding="UTF-8"?>
<!-- Generated by org.testng.reporters.JUnitReportReporter -->
<testsuite hostname="DESKTOP-RSP3RN4" failures="0" tests="6" name="testcases.PaymentManager" time="0.037" errors="0" timestamp="02 May 2023 19:51:03 GMT" skipped="0">
  <testcase classname="testcases.PaymentManager" name="makePayment" time="0.009"/>
  <testcase classname="testcases.PaymentManager" name="applyDiscount" time="0.003"/>
  <testcase classname="testcases.PaymentManager" name="makePayment" time="0.004"/>
  <testcase classname="testcases.PaymentManager" name="applyDiscount" time="0.006"/>
  <testcase classname="testcases.PaymentManager" name="makePayment" time="0.012"/>
  <testcase classname="testcases.PaymentManager" name="applyDiscount" time="0.003"/>
</testsuite> <!-- testcases.PaymentManager -->
