<?xml version="1.0" encoding="UTF-8"?>
<!-- Generated by org.testng.reporters.JUnitReportReporter -->
<testsuite hostname="DESKTOP-RSP3RN4" failures="0" tests="6" name="testcases.CustomerCommunication" time="0.022" errors="0" timestamp="02 May 2023 19:51:03 GMT" skipped="0">
  <testcase classname="testcases.CustomerCommunication" name="checkEmailVerification" time="0.002"/>
  <testcase classname="testcases.CustomerCommunication" name="checkMobileVerification" time="0.003"/>
  <testcase classname="testcases.CustomerCommunication" name="checkEmailVerification" time="0.005"/>
  <testcase classname="testcases.CustomerCommunication" name="checkEmailVerification" time="0.010"/>
  <testcase classname="testcases.CustomerCommunication" name="checkMobileVerification" time="0.001"/>
  <testcase classname="testcases.CustomerCommunication" name="checkMobileVerification" time="0.001"/>
</testsuite> <!-- testcases.CustomerCommunication -->
