<?xml version="1.0" encoding="UTF-8"?>
<!-- Generated by org.testng.reporters.JUnitReportReporter -->
<testsuite hostname="DESKTOP-RSP3RN4" failures="0" tests="9" name="testcases.BookingSearch" time="0.039" errors="0" timestamp="02 May 2023 19:51:03 GMT" skipped="0">
  <testcase classname="testcases.BookingSearch" name="searchHotel" time="0.018"/>
  <testcase classname="testcases.BookingSearch" name="loadBooking" time="0.001"/>
  <testcase classname="testcases.BookingSearch" name="selectHotel" time="0.003"/>
  <testcase classname="testcases.BookingSearch" name="enterGuestInformation" time="0.002"/>
  <testcase classname="testcases.BookingSearch" name="enterGuestInformation" time="0.001"/>
  <testcase classname="testcases.BookingSearch" name="selectHotel" time="0.003"/>
  <testcase classname="testcases.BookingSearch" name="searchHotel" time="0.004"/>
  <testcase classname="testcases.BookingSearch" name="selectHotel" time="0.003"/>
  <testcase classname="testcases.BookingSearch" name="enterGuestInformation" time="0.004"/>
</testsuite> <!-- testcases.BookingSearch -->
