<?xml version="1.0" encoding="UTF-8"?>
<!-- Generated by org.testng.reporters.JUnitReportReporter -->
<testsuite hostname="DESKTOP-RSP3RN4" failures="0" tests="1" name="conceptualSelenium.B_BarCodeTest" time="12.310" errors="0" timestamp="12 May 2023 15:52:29 GMT" skipped="0">
  <testcase classname="conceptualSelenium.B_BarCodeTest" name="barCodeTest" time="12.310"/>
</testsuite> <!-- conceptualSelenium.B_BarCodeTest -->
